d:\яп кп\стандарт\курсовой проект\dmm-2017\dmm-2017\debug\dmm-2017.pch
d:\яп кп\стандарт\курсовой проект\dmm-2017\dmm-2017\debug\vc141.pdb
d:\яп кп\стандарт\курсовой проект\dmm-2017\dmm-2017\debug\vc141.idb
d:\яп кп\стандарт\курсовой проект\dmm-2017\dmm-2017\debug\stdafx.obj
d:\яп кп\стандарт\курсовой проект\dmm-2017\dmm-2017\debug\ast.obj
d:\яп кп\стандарт\курсовой проект\dmm-2017\dmm-2017\debug\error.obj
d:\яп кп\стандарт\курсовой проект\dmm-2017\dmm-2017\debug\fst.obj
d:\яп кп\стандарт\курсовой проект\dmm-2017\dmm-2017\debug\gencode.obj
d:\яп кп\стандарт\курсовой проект\dmm-2017\dmm-2017\debug\grb.obj
d:\яп кп\стандарт\курсовой проект\dmm-2017\dmm-2017\debug\in.obj
d:\яп кп\стандарт\курсовой проект\dmm-2017\dmm-2017\debug\it.obj
d:\яп кп\стандарт\курсовой проект\dmm-2017\dmm-2017\debug\lexanaliz.obj
d:\яп кп\стандарт\курсовой проект\dmm-2017\dmm-2017\debug\log.obj
d:\яп кп\стандарт\курсовой проект\dmm-2017\dmm-2017\debug\lp_lab16.obj
d:\яп кп\стандарт\курсовой проект\dmm-2017\dmm-2017\debug\lt.obj
d:\яп кп\стандарт\курсовой проект\dmm-2017\dmm-2017\debug\mfst.obj
d:\яп кп\стандарт\курсовой проект\dmm-2017\dmm-2017\debug\parm.obj
d:\яп кп\стандарт\курсовой проект\dmm-2017\dmm-2017\debug\polish.obj
d:\яп кп\стандарт\курсовой проект\dmm-2017\debug\dmm-2017.exe
d:\яп кп\стандарт\курсовой проект\dmm-2017\debug\dmm-2017.ilk
d:\яп кп\стандарт\курсовой проект\dmm-2017\debug\dmm-2017.pdb
d:\яп кп\стандарт\курсовой проект\dmm-2017\dmm-2017\debug\dmm-2017.tlog\cl.command.1.tlog
d:\яп кп\стандарт\курсовой проект\dmm-2017\dmm-2017\debug\dmm-2017.tlog\cl.read.1.tlog
d:\яп кп\стандарт\курсовой проект\dmm-2017\dmm-2017\debug\dmm-2017.tlog\cl.write.1.tlog
d:\яп кп\стандарт\курсовой проект\dmm-2017\dmm-2017\debug\dmm-2017.tlog\link.command.1.tlog
d:\яп кп\стандарт\курсовой проект\dmm-2017\dmm-2017\debug\dmm-2017.tlog\link.read.1.tlog
d:\яп кп\стандарт\курсовой проект\dmm-2017\dmm-2017\debug\dmm-2017.tlog\link.write.1.tlog
